DEBUG: Checking message From: Matthew Radosevich <matt.j.radosevich@gmail.com>
DEBUG: Not text/plain
DEBUG: Not text/plain
DEBUG: Checking message From: Matthew Radosevich <matt.j.radosevich@gmail.com>
DEBUG: Not text/plain
DEBUG: Not text/plain
DEBUG: Checking message From: Matthew Radosevich <matt.j.radosevich@gmail.com>
DEBUG: Not text/plain
DEBUG: Not text/plain
DEBUG: Not text/plain
DEBUG: Not text/plain
DEBUG: Checking message From: Matthew Radosevich <matt.j.radosevich@gmail.com>
DEBUG: Not text/plain
DEBUG: Not text/plain
DEBUG: Checking message From: Matthew Radosevich <matt.j.radosevich@gmail.com>
DEBUG: Not text/plain
DEBUG: Not text/plain
DEBUG: Checking message From: Matthew Radosevich <matt.j.radosevich@gmail.com>
DEBUG: Not text/plain
DEBUG: Not text/plain
DEBUG: Checking message From: Matthew Radosevich <matt.j.radosevich@gmail.com>
DEBUG: Not text/plain
DEBUG: Not text/plain
DEBUG: Not text/plain
DEBUG: Not text/plain
DEBUG: Checking message From: Matthew Radosevich <matt.j.radosevich@gmail.com>
DEBUG: Not text/plain
DEBUG: Not text/plain
DEBUG: Not text/plain
DEBUG: Not text/plain
DEBUG: Checking message From: Matthew Radosevich <matt.j.radosevich@gmail.com>
DEBUG: Not text/plain
DEBUG: Not text/plain
DEBUG: Checking message From: Matthew Radosevich <matt.j.radosevich@gmail.com>
DEBUG: Not text/plain
DEBUG: Not text/plain
DEBUG: Checking message From: Matthew Radosevich <matt.j.radosevich@gmail.com>
DEBUG: Not text/plain
DEBUG: Not text/plain
DEBUG: Checking message From: Matthew Radosevich <matt.j.radosevich@gmail.com>
DEBUG: Not text/plain
DEBUG: Not text/plain
DEBUG: Checking message From: Matthew Radosevich <matt.j.radosevich@gmail.com>
DEBUG: Not text/plain
DEBUG: Not text/plain
DEBUG: Checking message From: Matthew Radosevich <matt.j.radosevich@gmail.com>
DEBUG: Not text/plain
DEBUG: Not text/plain
DEBUG: Not text/plain
DEBUG: Not text/plain
DEBUG: Checking message From: Matthew Radosevich <matt.j.radosevich@gmail.com>
DEBUG: Not text/plain
DEBUG: Not text/plain
DEBUG: Not text/plain
DEBUG: Not text/plain
DEBUG: Checking message From: Matthew Radosevich <matt.j.radosevich@gmail.com>
DEBUG: Not text/plain
DEBUG: Not text/plain
DEBUG: Checking message From: Matthew Radosevich <matt.j.radosevich@gmail.com>
DEBUG: Not text/plain
DEBUG: Not text/plain
DEBUG: Checking message From: Ethan Cook <ethancook133@gmail.com>
DEBUG: Author matt.j.radosevich@gmail.com not in From field
DEBUG: Checking message From: Matthew Radosevich <matt.j.radosevich@gmail.com>
DEBUG: Not text/plain
DEBUG: Not text/plain
DEBUG: Checking message From: Matthew Radosevich <matt.j.radosevich@gmail.com>
DEBUG: Not text/plain
DEBUG: Not text/plain
DEBUG: Checking message From: Matthew Radosevich <matt.j.radosevich@gmail.com>
DEBUG: Not text/plain
DEBUG: Not text/plain
DEBUG: Checking message From: Matthew Radosevich <matt.j.radosevich@gmail.com>
DEBUG: Not text/plain
DEBUG: Not text/plain
DEBUG: Checking message From: Matthew Radosevich <matt.j.radosevich@gmail.com>
DEBUG: Not text/plain
DEBUG: Not text/plain
DEBUG: Not text/plain
DEBUG: Not text/plain
DEBUG: Checking message From: Matthew Radosevich <matt.j.radosevich@gmail.com>
DEBUG: Not text/plain
DEBUG: Not text/plain
DEBUG: Checking message From: Matthew Radosevich <matt.j.radosevich@gmail.com>
DEBUG: Not text/plain
DEBUG: Not text/plain
DEBUG: Checking message From: Kevin Donohue <kevinohue@gmail.com>
DEBUG: Author matt.j.radosevich@gmail.com not in From field
DEBUG: Checking message From: Matthew Radosevich <matt.j.radosevich@gmail.com>
DEBUG: Not text/plain
DEBUG: Not text/plain
DEBUG: Checking message From: Matthew Radosevich <matt.j.radosevich@gmail.com>
DEBUG: Not text/plain
DEBUG: Not text/plain
DEBUG: Checking message From: Osman Khan <osmanrkhan@gmail.com>
DEBUG: Author matt.j.radosevich@gmail.com not in From field
DEBUG: Checking message From: Matthew Radosevich <matt.j.radosevich@gmail.com>
DEBUG: Not text/plain
DEBUG: Not text/plain
DEBUG: Checking message From: Matthew Radosevich <matt.j.radosevich@gmail.com>
DEBUG: Not text/plain
DEBUG: Not text/plain
DEBUG: Not text/plain
DEBUG: Not text/plain
DEBUG: Checking message From: Matthew Radosevich <matt.j.radosevich@gmail.com>
DEBUG: Not text/plain
DEBUG: Not text/plain
DEBUG: Not text/plain
DEBUG: Not text/plain
DEBUG: Checking message From: Matthew Radosevich <matt.j.radosevich@gmail.com>
DEBUG: Not text/plain
DEBUG: Not text/plain
DEBUG: Checking message From: Matthew Radosevich <matt.j.radosevich@gmail.com>
DEBUG: Not text/plain
DEBUG: Not text/plain
DEBUG: Checking message From: Matthew Radosevich <matt.j.radosevich@gmail.com>
DEBUG: Not text/plain
DEBUG: Not text/plain
DEBUG: Not text/plain
DEBUG: Not text/plain
DEBUG: Not text/plain
DEBUG: Checking message From: Matthew Radosevich <matt.j.radosevich@gmail.com>
DEBUG: Not text/plain
DEBUG: Not text/plain
DEBUG: Checking message From: Osman Khan <osmanrkhan@gmail.com>
DEBUG: Author matt.j.radosevich@gmail.com not in From field
DEBUG: Checking message From: Matthew Radosevich <matt.j.radosevich@gmail.com>
DEBUG: Not text/plain
DEBUG: Not text/plain
DEBUG: Not text/plain
DEBUG: Not text/plain
DEBUG: Not text/plain
DEBUG: Checking message From: Matthew Radosevich <matt.j.radosevich@gmail.com>
DEBUG: Not text/plain
DEBUG: Not text/plain
DEBUG: Checking message From: Kevin Donohue <kevinohue@gmail.com>
DEBUG: Author matt.j.radosevich@gmail.com not in From field
DEBUG: Checking message From: Matthew Radosevich <matt.j.radosevich@gmail.com>
DEBUG: Not text/plain
DEBUG: Not text/plain
DEBUG: Checking message From: Matthew Radosevich <matt.j.radosevich@gmail.com>
DEBUG: Not text/plain
DEBUG: Not text/plain
DEBUG: Not text/plain
DEBUG: Not text/plain
DEBUG: Not text/plain
DEBUG: Not text/plain
DEBUG: Not text/plain
DEBUG: Checking message From: Matthew Radosevich <matt.j.radosevich@gmail.com>
DEBUG: Not text/plain
DEBUG: Not text/plain
DEBUG: Not text/plain
DEBUG: Not text/plain
DEBUG: Checking message From: Matthew Radosevich <matt.j.radosevich@gmail.com>
DEBUG: Not text/plain
DEBUG: Not text/plain
DEBUG: Not text/plain
DEBUG: Not text/plain
DEBUG: Not text/plain
DEBUG: Checking message From: Matthew Radosevich <matt.j.radosevich@gmail.com>
DEBUG: Not text/plain
DEBUG: Not text/plain
DEBUG: Checking message From: Matthew Radosevich <matt.j.radosevich@gmail.com>
DEBUG: Not text/plain
DEBUG: Not text/plain
DEBUG: Checking message From: Matthew Radosevich <matt.j.radosevich@gmail.com>
DEBUG: Not text/plain
DEBUG: Not text/plain
DEBUG: Checking message From: Matthew Radosevich <matt.j.radosevich@gmail.com>
DEBUG: Not text/plain
DEBUG: Not text/plain
DEBUG: Checking message From: Matthew Radosevich <matt.j.radosevich@gmail.com>
DEBUG: Not text/plain
DEBUG: Not text/plain
DEBUG: Checking message From: Matthew Radosevich <matt.j.radosevich@gmail.com>
DEBUG: Not text/plain
DEBUG: Not text/plain
DEBUG: Checking message From: Matthew Radosevich <matt.j.radosevich@gmail.com>
DEBUG: Not text/plain
DEBUG: Not text/plain
DEBUG: Not text/plain
DEBUG: Not text/plain
DEBUG: Checking message From: Matthew Radosevich <matt.j.radosevich@gmail.com>
DEBUG: Not text/plain
DEBUG: Not text/plain
DEBUG: Not text/plain
DEBUG: Not text/plain
DEBUG: Not text/plain
DEBUG: Not text/plain
DEBUG: Checking message From: Matthew Radosevich <matt.j.radosevich@gmail.com>
DEBUG: Not text/plain
DEBUG: Not text/plain
DEBUG: Checking message From: Matthew Radosevich <matt.j.radosevich@gmail.com>
DEBUG: Not text/plain
DEBUG: Not text/plain
DEBUG: Not text/plain
DEBUG: Not text/plain
DEBUG: Checking message From: Matthew Radosevich <matt.j.radosevich@gmail.com>
DEBUG: Not text/plain
DEBUG: Not text/plain
DEBUG: Not text/plain
DEBUG: Not text/plain
DEBUG: Checking message From: Matthew Radosevich <matt.j.radosevich@gmail.com>
DEBUG: Not text/plain
DEBUG: Not text/plain
DEBUG: Checking message From: Matthew Radosevich <matt.j.radosevich@gmail.com>
DEBUG: Not text/plain
DEBUG: Not text/plain
DEBUG: Not text/plain
DEBUG: Not text/plain
DEBUG: Checking message From: Matthew Radosevich <matt.j.radosevich@gmail.com>
DEBUG: Not text/plain
DEBUG: Not text/plain
DEBUG: Checking message From: Matthew Radosevich <matt.j.radosevich@gmail.com>
DEBUG: Not text/plain
DEBUG: Not text/plain
DEBUG: Checking message From: Matthew Radosevich <matt.j.radosevich@gmail.com>
DEBUG: Not text/plain
DEBUG: Not text/plain
DEBUG: Checking message From: Matthew Radosevich <matt.j.radosevich@gmail.com>
DEBUG: Not text/plain
DEBUG: Not text/plain
DEBUG: Not text/plain
DEBUG: Not text/plain
DEBUG: Checking message From: Matthew Radosevich <matt.j.radosevich@gmail.com>
DEBUG: Not text/plain
DEBUG: Not text/plain
DEBUG: Checking message From: Matthew Radosevich <matt.j.radosevich@gmail.com>
DEBUG: Not text/plain
DEBUG: Not text/plain
DEBUG: Checking message From: Matthew Radosevich <matt.j.radosevich@gmail.com>
DEBUG: Not text/plain
DEBUG: Not text/plain
DEBUG: Checking message From: Kevin Donohue <kevinohue@gmail.com>
DEBUG: Author matt.j.radosevich@gmail.com not in From field
DEBUG: Checking message From: Matthew Radosevich <matt.j.radosevich@gmail.com>
DEBUG: Not text/plain
DEBUG: Not text/plain
DEBUG: Checking message From: Matthew Radosevich <matt.j.radosevich@gmail.com>
DEBUG: Not text/plain
DEBUG: Not text/plain
DEBUG: Not text/plain
DEBUG: Not text/plain
DEBUG: Not text/plain
DEBUG: Checking message From: Matthew Radosevich <matt.j.radosevich@gmail.com>
DEBUG: Not text/plain
DEBUG: Not text/plain
DEBUG: Checking message From: Matthew Radosevich <matt.j.radosevich@gmail.com>
DEBUG: Not text/plain
DEBUG: Not text/plain
DEBUG: Not text/plain
DEBUG: Not text/plain
DEBUG: Not text/plain
DEBUG: Checking message From: Matthew Radosevich <matt.j.radosevich@gmail.com>
DEBUG: Not text/plain
DEBUG: Not text/plain
DEBUG: Checking message From: Matthew Radosevich <matt.j.radosevich@gmail.com>
DEBUG: Not text/plain
DEBUG: Not text/plain
DEBUG: Checking message From: Lucas Thorsness <lucasjthorsness@gmail.com>
DEBUG: Author matt.j.radosevich@gmail.com not in From field
DEBUG: Checking message From: Matthew Radosevich <matt.j.radosevich@gmail.com>
DEBUG: Not text/plain
DEBUG: Not text/plain
DEBUG: Checking message From: Matthew Radosevich <matt.j.radosevich@gmail.com>
DEBUG: Not text/plain
DEBUG: Not text/plain
DEBUG: Checking message From: Matthew Radosevich <matt.j.radosevich@gmail.com>
DEBUG: Not text/plain
DEBUG: Not text/plain
DEBUG: Checking message From: Matthew Radosevich <matt.j.radosevich@gmail.com>
DEBUG: Not text/plain
DEBUG: Not text/plain
DEBUG: Not text/plain
DEBUG: Not text/plain
DEBUG: Checking message From: Matthew Radosevich <matt.j.radosevich@gmail.com>
DEBUG: Not text/plain
DEBUG: Not text/plain
DEBUG: Checking message From: Matthew Radosevich <matt.j.radosevich@gmail.com>
DEBUG: Not text/plain
DEBUG: Not text/plain
DEBUG: Checking message From: Matthew Radosevich <matt.j.radosevich@gmail.com>
DEBUG: Not text/plain
DEBUG: Not text/plain
DEBUG: Not text/plain
DEBUG: Not text/plain
DEBUG: Checking message From: Matthew Radosevich <matt.j.radosevich@gmail.com>
DEBUG: Not text/plain
DEBUG: Not text/plain
DEBUG: Not text/plain
DEBUG: Not text/plain
DEBUG: Not text/plain
DEBUG: Checking message From: Matthew Radosevich <matt.j.radosevich@gmail.com>
DEBUG: Not text/plain
DEBUG: Not text/plain
DEBUG: Not text/plain
DEBUG: Not text/plain
DEBUG: Checking message From: Kevin Donohue <kevinohue@gmail.com>
DEBUG: Author matt.j.radosevich@gmail.com not in From field
DEBUG: Checking message From: Matthew Radosevich <matt.j.radosevich@gmail.com>
DEBUG: Not text/plain
DEBUG: Not text/plain
DEBUG: Checking message From: Matthew Radosevich <matt.j.radosevich@gmail.com>
DEBUG: Not text/plain
DEBUG: Not text/plain
DEBUG: Checking message From: Matthew Radosevich <matt.j.radosevich@gmail.com>
DEBUG: Not text/plain
DEBUG: Not text/plain
DEBUG: Not text/plain
DEBUG: Not text/plain
DEBUG: Not text/plain
DEBUG: Not text/plain
DEBUG: Not text/plain
DEBUG: Checking message From: Matthew Radosevich <matt.j.radosevich@gmail.com>
DEBUG: Not text/plain
DEBUG: Not text/plain
DEBUG: Not text/plain
DEBUG: Not text/plain
DEBUG: Not text/plain
DEBUG: Not text/plain
DEBUG: Not text/plain
DEBUG: Checking message From: Matthew Radosevich <matt.j.radosevich@gmail.com>
DEBUG: Not text/plain
DEBUG: Not text/plain
DEBUG: Checking message From: Matthew Radosevich <matt.j.radosevich@gmail.com>
DEBUG: Not text/plain
DEBUG: Not text/plain
DEBUG: Not text/plain
DEBUG: Not text/plain
DEBUG: Not text/plain
DEBUG: Not text/plain
DEBUG: Not text/plain
DEBUG: Not text/plain
DEBUG: Checking message From: Eli Bryant <helib5.eb@gmail.com>
DEBUG: Author matt.j.radosevich@gmail.com not in From field
DEBUG: Checking message From: Matthew Radosevich <matt.j.radosevich@gmail.com>
DEBUG: Not text/plain
DEBUG: Not text/plain
DEBUG: Checking message From: Matthew Radosevich <matt.j.radosevich@gmail.com>
DEBUG: Not text/plain
DEBUG: Not text/plain
DEBUG: Not text/plain
DEBUG: Not text/plain
DEBUG: Checking message From: Matthew Radosevich <matt.j.radosevich@gmail.com>
DEBUG: Not text/plain
DEBUG: Not text/plain
DEBUG: Checking message From: Matthew Radosevich <matt.j.radosevich@gmail.com>
DEBUG: Not text/plain
DEBUG: Not text/plain
DEBUG: Not text/plain
DEBUG: Not text/plain
DEBUG: Not text/plain
DEBUG: Checking message From: Matthew Radosevich <matt.j.radosevich@gmail.com>
DEBUG: Not text/plain
DEBUG: Not text/plain
DEBUG: Checking message From: Matthew Radosevich <matt.j.radosevich@gmail.com>
DEBUG: Not text/plain
DEBUG: Not text/plain
DEBUG: Not text/plain
DEBUG: Not text/plain
DEBUG: Not text/plain
DEBUG: Not text/plain
DEBUG: Not text/plain
DEBUG: Checking message From: Osman Khan <osmanrkhan@gmail.com>
DEBUG: Author matt.j.radosevich@gmail.com not in From field
DEBUG: Checking message From: Osman Khan <osmanrkhan@gmail.com>
DEBUG: Author matt.j.radosevich@gmail.com not in From field
DEBUG: Checking message From: hcbru34@gmail.com
DEBUG: Author matt.j.radosevich@gmail.com not in From field
DEBUG: Checking message From: Osman Khan <osmanrkhan@gmail.com>
DEBUG: Author matt.j.radosevich@gmail.com not in From field
DEBUG: Checking message From: Matthew Radosevich <matt.j.radosevich@gmail.com>
DEBUG: Not text/plain
DEBUG: Not text/plain
DEBUG: Not text/plain
DEBUG: Not text/plain
